Arguments: 
  /Users/aaronhakala/.nvm/versions/node/v10.19.0/bin/node /usr/local/Cellar/yarn/1.17.3/libexec/bin/yarn.js storybook

PATH: 
  /Users/aaronhakala/.rvm/gems/ruby-2.4.1/bin:/Users/aaronhakala/.rvm/gems/ruby-2.4.1@global/bin:/Users/aaronhakala/.rvm/rubies/ruby-2.4.1/bin:/Users/aaronhakala/.shopify-app-cli/bin/user:/Users/aaronhakala/google-cloud-sdk/bin:/Users/aaronhakala/.nvm/versions/node/v10.19.0/bin:/Users/aaronhakala/.cargo/bin:/usr/local/bin:/usr/bin:/bin:/usr/sbin:/sbin:/Users/aaronhakala/.rvm/gems/ruby-2.4.1/bin:/Users/aaronhakala/.rvm/gems/ruby-2.4.1@global/bin:/Users/aaronhakala/.rvm/rubies/ruby-2.4.1/bin:/Users/aaronhakala/google-cloud-sdk/bin:/Users/aaronhakala/.nvm/versions/node/v10.19.0/bin:/Users/aaronhakala/.cargo/bin:/Users/aaronhakala/.rvm/bin:/Users/aaronhakala/.rvm/bin

Yarn version: 
  1.17.3

Node version: 
  10.19.0

Platform: 
  darwin x64

Trace: 
  SyntaxError: /Users/aaronhakala/Documents/code/web-portfolio/package.json: Unexpected token , in JSON at position 1954
      at JSON.parse (<anonymous>)
      at /usr/local/Cellar/yarn/1.17.3/libexec/lib/cli.js:1625:59
      at Generator.next (<anonymous>)
      at step (/usr/local/Cellar/yarn/1.17.3/libexec/lib/cli.js:304:30)
      at /usr/local/Cellar/yarn/1.17.3/libexec/lib/cli.js:315:13

npm manifest: 
  {
    "name": "web-portfolio-frontend",
    "version": "1.0.0",
    "description": "",
    "homepage": "https://aaronhakala.com",
    "keywords": [],
    "main": "src/frontend/index.js",
    "dependencies": {
      "@babel/core": "7.2.2",
      "@styled-system/typography": "^1.0.0-9",
      "@svgr/webpack": "4.1.0",
      "babel-core": "7.0.0-bridge.0",
      "babel-eslint": "9.0.0",
      "babel-jest": "23.6.0",
      "babel-loader": "8.0.5",
      "babel-plugin-named-asset-import": "^0.3.1",
      "babel-preset-react-app": "^7.0.1",
      "bfj": "6.1.1",
      "case-sensitive-paths-webpack-plugin": "2.2.0",
      "css-loader": "1.0.0",
      "dotenv": "6.0.0",
      "dotenv-expand": "4.2.0",
      "eslint": "5.12.0",
      "eslint-config-react-app": "^3.0.7",
      "eslint-loader": "2.1.1",
      "eslint-plugin-flowtype": "2.50.1",
      "eslint-plugin-import": "2.14.0",
      "eslint-plugin-jsx-a11y": "6.1.2",
      "eslint-plugin-react": "7.12.4",
      "file-loader": "2.0.0",
      "fork-ts-checker-webpack-plugin-alt": "0.4.14",
      "fs-extra": "7.0.1",
      "gatsby": "^2.19.32",
      "history": "*",
      "html-webpack-plugin": "4.0.0-alpha.2",
      "identity-obj-proxy": "3.0.0",
      "jest": "23.6.0",
      "jest-pnp-resolver": "1.0.2",
      "jest-resolve": "23.6.0",
      "jest-watch-typeahead": "^0.2.1",
      "mini-css-extract-plugin": "0.5.0",
      "optimize-css-assets-webpack-plugin": "5.0.1",
      "pnp-webpack-plugin": "1.2.1",
      "postcss-flexbugs-fixes": "4.1.0",
      "postcss-loader": "3.0.0",
      "postcss-preset-env": "6.5.0",
      "postcss-safe-parser": "4.0.1",
      "react": "^16.8.3",
      "react-app-polyfill": "^0.2.1",
      "react-dev-utils": "^7.0.3",
      "react-dom": "^16.8.3",
      "react-helmet": "^5.2.0",
      "react-select": "^2.4.2",
      "resolve": "1.10.0",
      "sass-loader": "7.1.0",
      "style-loader": "0.23.1",
      "styled-components": "^4.1.3",
      "styled-system": "^4.2.2",
      "tailwindcss": "^1.2.0",
      "terser-webpack-plugin": "1.2.2",
      "url-loader": "1.1.2",,
    },
    "scripts": {
      "dev": "gatsby develop",
      "build": "gatsby build",
      "predeploy": "npm run build",
      "deploy": "firebase deploy",
      "storybook": "start-storybook -p 9009 -s public",
      "build-storybook": "build-storybook -s public"
    },
    "browserslist": [
      ">0.2%",
      "not dead",
      "not ie <= 11",
      "not op_mini all"
    ],
    "devDependencies": {
      "@storybook/addon-actions": "^5.3.14",
      "@storybook/addon-links": "^5.3.14",
      "@storybook/addons": "^5.3.14",
      "@storybook/preset-create-react-app": "^2.0.0",
      "@storybook/react": "^5.3.14",
      "@typescript-eslint/eslint-plugin": "^2.22.0",
      "@typescript-eslint/parser": "^2.22.0",
      "eslint": "^6.8.0",
      "eslint-config-airbnb": "^18.0.1",
      "eslint-plugin-import": "^2.20.1",
      "eslint-plugin-jsx-a11y": "^6.2.3",
      "eslint-plugin-react": "^7.19.0",
      "eslint-plugin-react-hooks": "^1.7.0",
      "gatsby-image": "^2.2.43",
      "gatsby-plugin-postcss": "^2.1.21",
      "gatsby-plugin-react-helmet": "^3.1.23",
      "gatsby-plugin-robots-txt": "^1.5.0",
      "gatsby-plugin-sharp": "^2.4.7",
      "gatsby-plugin-typescript": "^2.2.2",
      "gatsby-transformer-sharp": "^2.3.17",
      "prettier": "^1.19.1",
      "react-styleguidist": "^9.0.9"
    },
    "babel": {
      "presets": [
        "react-app"
      ]
    }
  }

yarn manifest: 
  No manifest

Lockfile: 
  No lockfile
